23-05-2025 01:07:05 [main] INFO  s.e.n.i.e.o.m.EdgpOrgManagementApplication         : Starting EdgpOrgManagementApplication using Java 21.0.1 with PID 5079 (/Users/thetnandaraung/Workspace/edgp-org-management/target/classes started by thetnandaraung in /Users/thetnandaraung/Workspace/edgp-org-management)
23-05-2025 01:07:05 [main] INFO  s.e.n.i.e.o.m.EdgpOrgManagementApplication         : No active profile set, falling back to 1 default profile: "default"
23-05-2025 01:07:05 [main] INFO  i.a.c.a.c.s.SecretsManagerPropertySources          : Loading secrets from AWS Secret Manager secret with name: /config/edgp, optional: false
23-05-2025 01:07:05 [main] INFO  o.s.d.r.c.RepositoryConfigurationDelegate          : Bootstrapping Spring Data JPA repositories in DEFAULT mode.
23-05-2025 01:07:05 [main] INFO  o.s.d.r.c.RepositoryConfigurationDelegate          : Finished Spring Data repository scanning in 3 ms. Found 0 JPA repository interfaces.
23-05-2025 01:07:06 [main] INFO  o.s.b.w.embedded.tomcat.TomcatWebServer            : Tomcat initialized with port 8082 (http)
23-05-2025 01:07:06 [main] INFO  o.apache.coyote.http11.Http11NioProtocol           : Initializing ProtocolHandler ["http-nio-8082"]
23-05-2025 01:07:06 [main] INFO  o.apache.catalina.core.StandardService             : Starting service [Tomcat]
23-05-2025 01:07:06 [main] INFO  org.apache.catalina.core.StandardEngine            : Starting Servlet engine: [Apache Tomcat/10.1.41]
23-05-2025 01:07:06 [main] INFO  o.a.c.c.C.[Tomcat].[localhost].[/]                 : Initializing Spring embedded WebApplicationContext
23-05-2025 01:07:06 [main] INFO  o.s.b.w.s.c.ServletWebServerApplicationContext     : Root WebApplicationContext: initialization completed in 352 ms
23-05-2025 01:07:06 [main] INFO  o.hibernate.jpa.internal.util.LogHelper            : HHH000204: Processing PersistenceUnitInfo [name: default]
23-05-2025 01:07:06 [main] INFO  org.hibernate.Version                              : HHH000412: Hibernate ORM core version 6.6.15.Final
23-05-2025 01:07:06 [main] INFO  o.h.c.internal.RegionFactoryInitiator              : HHH000026: Second-level cache disabled
23-05-2025 01:07:06 [main] INFO  o.s.o.j.p.SpringPersistenceUnitInfo                : No LoadTimeWeaver setup: ignoring JPA class transformer
23-05-2025 01:07:06 [main] INFO  com.zaxxer.hikari.HikariDataSource                 : HikariPool-1 - Starting...
23-05-2025 01:07:07 [main] WARN  o.h.engine.jdbc.spi.SqlExceptionHelper             : SQL Error: 1049, SQLState: 42000
23-05-2025 01:07:07 [main] ERROR o.h.engine.jdbc.spi.SqlExceptionHelper             : Unknown database 'organization'
23-05-2025 01:07:07 [main] WARN  o.h.e.j.e.i.JdbcEnvironmentInitiator               : HHH000342: Could not obtain connection to query metadata
org.hibernate.exception.SQLGrammarException: unable to obtain isolated JDBC connection [Unknown database 'organization'] [n/a]
	at org.hibernate.exception.internal.SQLStateConversionDelegate.convert(SQLStateConversionDelegate.java:91)
	at org.hibernate.exception.internal.StandardSQLExceptionConverter.convert(StandardSQLExceptionConverter.java:58)
	at org.hibernate.engine.jdbc.spi.SqlExceptionHelper.convert(SqlExceptionHelper.java:108)
	at org.hibernate.engine.jdbc.spi.SqlExceptionHelper.convert(SqlExceptionHelper.java:94)
	at org.hibernate.resource.transaction.backend.jdbc.internal.JdbcIsolationDelegate.delegateWork(JdbcIsolationDelegate.java:116)
	at org.hibernate.engine.jdbc.env.internal.JdbcEnvironmentInitiator.getJdbcEnvironmentUsingJdbcMetadata(JdbcEnvironmentInitiator.java:336)
	at org.hibernate.engine.jdbc.env.internal.JdbcEnvironmentInitiator.initiateService(JdbcEnvironmentInitiator.java:129)
	at org.hibernate.engine.jdbc.env.internal.JdbcEnvironmentInitiator.initiateService(JdbcEnvironmentInitiator.java:81)
	at org.hibernate.boot.registry.internal.StandardServiceRegistryImpl.initiateService(StandardServiceRegistryImpl.java:130)
	at org.hibernate.service.internal.AbstractServiceRegistryImpl.createService(AbstractServiceRegistryImpl.java:263)
	at org.hibernate.service.internal.AbstractServiceRegistryImpl.initializeService(AbstractServiceRegistryImpl.java:238)
	at org.hibernate.service.internal.AbstractServiceRegistryImpl.getService(AbstractServiceRegistryImpl.java:215)
	at org.hibernate.boot.model.relational.Database.<init>(Database.java:45)
	at org.hibernate.boot.internal.InFlightMetadataCollectorImpl.getDatabase(InFlightMetadataCollectorImpl.java:226)
	at org.hibernate.boot.internal.InFlightMetadataCollectorImpl.<init>(InFlightMetadataCollectorImpl.java:194)
	at org.hibernate.boot.model.process.spi.MetadataBuildingProcess.complete(MetadataBuildingProcess.java:171)
	at org.hibernate.jpa.boot.internal.EntityManagerFactoryBuilderImpl.metadata(EntityManagerFactoryBuilderImpl.java:1442)
	at org.hibernate.jpa.boot.internal.EntityManagerFactoryBuilderImpl.build(EntityManagerFactoryBuilderImpl.java:1513)
	at org.springframework.orm.jpa.vendor.SpringHibernateJpaPersistenceProvider.createContainerEntityManagerFactory(SpringHibernateJpaPersistenceProvider.java:66)
	at org.springframework.orm.jpa.LocalContainerEntityManagerFactoryBean.createNativeEntityManagerFactory(LocalContainerEntityManagerFactoryBean.java:390)
	at org.springframework.orm.jpa.AbstractEntityManagerFactoryBean.buildNativeEntityManagerFactory(AbstractEntityManagerFactoryBean.java:419)
	at org.springframework.orm.jpa.AbstractEntityManagerFactoryBean.afterPropertiesSet(AbstractEntityManagerFactoryBean.java:400)
	at org.springframework.orm.jpa.LocalContainerEntityManagerFactoryBean.afterPropertiesSet(LocalContainerEntityManagerFactoryBean.java:366)
	at org.springframework.beans.factory.support.AbstractAutowireCapableBeanFactory.invokeInitMethods(AbstractAutowireCapableBeanFactory.java:1873)
	at org.springframework.beans.factory.support.AbstractAutowireCapableBeanFactory.initializeBean(AbstractAutowireCapableBeanFactory.java:1822)
	at org.springframework.beans.factory.support.AbstractAutowireCapableBeanFactory.doCreateBean(AbstractAutowireCapableBeanFactory.java:607)
	at org.springframework.beans.factory.support.AbstractAutowireCapableBeanFactory.createBean(AbstractAutowireCapableBeanFactory.java:529)
	at org.springframework.beans.factory.support.AbstractBeanFactory.lambda$doGetBean$0(AbstractBeanFactory.java:339)
	at org.springframework.beans.factory.support.DefaultSingletonBeanRegistry.getSingleton(DefaultSingletonBeanRegistry.java:373)
	at org.springframework.beans.factory.support.AbstractBeanFactory.doGetBean(AbstractBeanFactory.java:337)
	at org.springframework.beans.factory.support.AbstractBeanFactory.getBean(AbstractBeanFactory.java:207)
	at org.springframework.context.support.AbstractApplicationContext.finishBeanFactoryInitialization(AbstractApplicationContext.java:970)
	at org.springframework.context.support.AbstractApplicationContext.refresh(AbstractApplicationContext.java:627)
	at org.springframework.boot.web.servlet.context.ServletWebServerApplicationContext.refresh(ServletWebServerApplicationContext.java:146)
	at org.springframework.boot.SpringApplication.refresh(SpringApplication.java:753)
	at org.springframework.boot.SpringApplication.refreshContext(SpringApplication.java:439)
	at org.springframework.boot.SpringApplication.run(SpringApplication.java:318)
	at org.springframework.boot.SpringApplication.run(SpringApplication.java:1362)
	at org.springframework.boot.SpringApplication.run(SpringApplication.java:1351)
	at sg.edu.nus.iss.edgp.org.management.EdgpOrgManagementApplication.main(EdgpOrgManagementApplication.java:10)
Caused by: java.sql.SQLSyntaxErrorException: Unknown database 'organization'
	at com.mysql.cj.jdbc.exceptions.SQLError.createSQLException(SQLError.java:112)
	at com.mysql.cj.jdbc.exceptions.SQLExceptionsMapping.translateException(SQLExceptionsMapping.java:114)
	at com.mysql.cj.jdbc.ConnectionImpl.createNewIO(ConnectionImpl.java:837)
	at com.mysql.cj.jdbc.ConnectionImpl.<init>(ConnectionImpl.java:420)
	at com.mysql.cj.jdbc.ConnectionImpl.getInstance(ConnectionImpl.java:238)
	at com.mysql.cj.jdbc.NonRegisteringDriver.connect(NonRegisteringDriver.java:180)
	at com.zaxxer.hikari.util.DriverDataSource.getConnection(DriverDataSource.java:137)
	at com.zaxxer.hikari.pool.PoolBase.newConnection(PoolBase.java:360)
	at com.zaxxer.hikari.pool.PoolBase.newPoolEntry(PoolBase.java:202)
	at com.zaxxer.hikari.pool.HikariPool.createPoolEntry(HikariPool.java:461)
	at com.zaxxer.hikari.pool.HikariPool.checkFailFast(HikariPool.java:550)
	at com.zaxxer.hikari.pool.HikariPool.<init>(HikariPool.java:98)
	at com.zaxxer.hikari.HikariDataSource.getConnection(HikariDataSource.java:111)
	at org.hibernate.engine.jdbc.connections.internal.DatasourceConnectionProviderImpl.getConnection(DatasourceConnectionProviderImpl.java:126)
	at org.hibernate.engine.jdbc.env.internal.JdbcEnvironmentInitiator$ConnectionProviderJdbcConnectionAccess.obtainConnection(JdbcEnvironmentInitiator.java:483)
	at org.hibernate.resource.transaction.backend.jdbc.internal.JdbcIsolationDelegate.delegateWork(JdbcIsolationDelegate.java:61)
	... 35 common frames omitted
23-05-2025 01:07:07 [main] ERROR o.s.o.j.LocalContainerEntityManagerFactoryBean     : Failed to initialize JPA EntityManagerFactory: Unable to create requested service [org.hibernate.engine.jdbc.env.spi.JdbcEnvironment] due to: Unable to determine Dialect without JDBC metadata (please set 'jakarta.persistence.jdbc.url' for common cases or 'hibernate.dialect' when a custom Dialect implementation must be provided)
23-05-2025 01:07:07 [main] WARN  o.s.b.w.s.c.AnnotationConfigServletWebServerApplicationContext : Exception encountered during context initialization - cancelling refresh attempt: org.springframework.beans.factory.BeanCreationException: Error creating bean with name 'entityManagerFactory' defined in class path resource [org/springframework/boot/autoconfigure/orm/jpa/HibernateJpaConfiguration.class]: Unable to create requested service [org.hibernate.engine.jdbc.env.spi.JdbcEnvironment] due to: Unable to determine Dialect without JDBC metadata (please set 'jakarta.persistence.jdbc.url' for common cases or 'hibernate.dialect' when a custom Dialect implementation must be provided)
23-05-2025 01:07:07 [main] INFO  o.apache.catalina.core.StandardService             : Stopping service [Tomcat]
23-05-2025 01:07:07 [main] INFO  o.s.b.a.l.ConditionEvaluationReportLogger          : 

Error starting ApplicationContext. To display the condition evaluation report re-run your application with 'debug' enabled.
23-05-2025 01:07:07 [main] ERROR o.springframework.boot.SpringApplication           : Application run failed
org.springframework.beans.factory.BeanCreationException: Error creating bean with name 'entityManagerFactory' defined in class path resource [org/springframework/boot/autoconfigure/orm/jpa/HibernateJpaConfiguration.class]: Unable to create requested service [org.hibernate.engine.jdbc.env.spi.JdbcEnvironment] due to: Unable to determine Dialect without JDBC metadata (please set 'jakarta.persistence.jdbc.url' for common cases or 'hibernate.dialect' when a custom Dialect implementation must be provided)
	at org.springframework.beans.factory.support.AbstractAutowireCapableBeanFactory.initializeBean(AbstractAutowireCapableBeanFactory.java:1826)
	at org.springframework.beans.factory.support.AbstractAutowireCapableBeanFactory.doCreateBean(AbstractAutowireCapableBeanFactory.java:607)
	at org.springframework.beans.factory.support.AbstractAutowireCapableBeanFactory.createBean(AbstractAutowireCapableBeanFactory.java:529)
	at org.springframework.beans.factory.support.AbstractBeanFactory.lambda$doGetBean$0(AbstractBeanFactory.java:339)
	at org.springframework.beans.factory.support.DefaultSingletonBeanRegistry.getSingleton(DefaultSingletonBeanRegistry.java:373)
	at org.springframework.beans.factory.support.AbstractBeanFactory.doGetBean(AbstractBeanFactory.java:337)
	at org.springframework.beans.factory.support.AbstractBeanFactory.getBean(AbstractBeanFactory.java:207)
	at org.springframework.context.support.AbstractApplicationContext.finishBeanFactoryInitialization(AbstractApplicationContext.java:970)
	at org.springframework.context.support.AbstractApplicationContext.refresh(AbstractApplicationContext.java:627)
	at org.springframework.boot.web.servlet.context.ServletWebServerApplicationContext.refresh(ServletWebServerApplicationContext.java:146)
	at org.springframework.boot.SpringApplication.refresh(SpringApplication.java:753)
	at org.springframework.boot.SpringApplication.refreshContext(SpringApplication.java:439)
	at org.springframework.boot.SpringApplication.run(SpringApplication.java:318)
	at org.springframework.boot.SpringApplication.run(SpringApplication.java:1362)
	at org.springframework.boot.SpringApplication.run(SpringApplication.java:1351)
	at sg.edu.nus.iss.edgp.org.management.EdgpOrgManagementApplication.main(EdgpOrgManagementApplication.java:10)
Caused by: org.hibernate.service.spi.ServiceException: Unable to create requested service [org.hibernate.engine.jdbc.env.spi.JdbcEnvironment] due to: Unable to determine Dialect without JDBC metadata (please set 'jakarta.persistence.jdbc.url' for common cases or 'hibernate.dialect' when a custom Dialect implementation must be provided)
	at org.hibernate.service.internal.AbstractServiceRegistryImpl.createService(AbstractServiceRegistryImpl.java:276)
	at org.hibernate.service.internal.AbstractServiceRegistryImpl.initializeService(AbstractServiceRegistryImpl.java:238)
	at org.hibernate.service.internal.AbstractServiceRegistryImpl.getService(AbstractServiceRegistryImpl.java:215)
	at org.hibernate.boot.model.relational.Database.<init>(Database.java:45)
	at org.hibernate.boot.internal.InFlightMetadataCollectorImpl.getDatabase(InFlightMetadataCollectorImpl.java:226)
	at org.hibernate.boot.internal.InFlightMetadataCollectorImpl.<init>(InFlightMetadataCollectorImpl.java:194)
	at org.hibernate.boot.model.process.spi.MetadataBuildingProcess.complete(MetadataBuildingProcess.java:171)
	at org.hibernate.jpa.boot.internal.EntityManagerFactoryBuilderImpl.metadata(EntityManagerFactoryBuilderImpl.java:1442)
	at org.hibernate.jpa.boot.internal.EntityManagerFactoryBuilderImpl.build(EntityManagerFactoryBuilderImpl.java:1513)
	at org.springframework.orm.jpa.vendor.SpringHibernateJpaPersistenceProvider.createContainerEntityManagerFactory(SpringHibernateJpaPersistenceProvider.java:66)
	at org.springframework.orm.jpa.LocalContainerEntityManagerFactoryBean.createNativeEntityManagerFactory(LocalContainerEntityManagerFactoryBean.java:390)
	at org.springframework.orm.jpa.AbstractEntityManagerFactoryBean.buildNativeEntityManagerFactory(AbstractEntityManagerFactoryBean.java:419)
	at org.springframework.orm.jpa.AbstractEntityManagerFactoryBean.afterPropertiesSet(AbstractEntityManagerFactoryBean.java:400)
	at org.springframework.orm.jpa.LocalContainerEntityManagerFactoryBean.afterPropertiesSet(LocalContainerEntityManagerFactoryBean.java:366)
	at org.springframework.beans.factory.support.AbstractAutowireCapableBeanFactory.invokeInitMethods(AbstractAutowireCapableBeanFactory.java:1873)
	at org.springframework.beans.factory.support.AbstractAutowireCapableBeanFactory.initializeBean(AbstractAutowireCapableBeanFactory.java:1822)
	... 15 common frames omitted
Caused by: org.hibernate.HibernateException: Unable to determine Dialect without JDBC metadata (please set 'jakarta.persistence.jdbc.url' for common cases or 'hibernate.dialect' when a custom Dialect implementation must be provided)
	at org.hibernate.engine.jdbc.dialect.internal.DialectFactoryImpl.determineDialect(DialectFactoryImpl.java:191)
	at org.hibernate.engine.jdbc.dialect.internal.DialectFactoryImpl.buildDialect(DialectFactoryImpl.java:87)
	at org.hibernate.engine.jdbc.env.internal.JdbcEnvironmentInitiator.getJdbcEnvironmentWithDefaults(JdbcEnvironmentInitiator.java:186)
	at org.hibernate.engine.jdbc.env.internal.JdbcEnvironmentInitiator.getJdbcEnvironmentUsingJdbcMetadata(JdbcEnvironmentInitiator.java:408)
	at org.hibernate.engine.jdbc.env.internal.JdbcEnvironmentInitiator.initiateService(JdbcEnvironmentInitiator.java:129)
	at org.hibernate.engine.jdbc.env.internal.JdbcEnvironmentInitiator.initiateService(JdbcEnvironmentInitiator.java:81)
	at org.hibernate.boot.registry.internal.StandardServiceRegistryImpl.initiateService(StandardServiceRegistryImpl.java:130)
	at org.hibernate.service.internal.AbstractServiceRegistryImpl.createService(AbstractServiceRegistryImpl.java:263)
	... 30 common frames omitted
23-05-2025 01:08:05 [main] INFO  s.e.n.i.e.o.m.EdgpOrgManagementApplication         : Starting EdgpOrgManagementApplication using Java 21.0.1 with PID 5112 (/Users/thetnandaraung/Workspace/edgp-org-management/target/classes started by thetnandaraung in /Users/thetnandaraung/Workspace/edgp-org-management)
23-05-2025 01:08:05 [main] INFO  s.e.n.i.e.o.m.EdgpOrgManagementApplication         : No active profile set, falling back to 1 default profile: "default"
23-05-2025 01:08:05 [main] INFO  i.a.c.a.c.s.SecretsManagerPropertySources          : Loading secrets from AWS Secret Manager secret with name: /config/edgp, optional: false
23-05-2025 01:08:05 [main] INFO  o.s.d.r.c.RepositoryConfigurationDelegate          : Bootstrapping Spring Data JPA repositories in DEFAULT mode.
23-05-2025 01:08:05 [main] INFO  o.s.d.r.c.RepositoryConfigurationDelegate          : Finished Spring Data repository scanning in 3 ms. Found 0 JPA repository interfaces.
23-05-2025 01:08:05 [main] INFO  o.s.b.w.embedded.tomcat.TomcatWebServer            : Tomcat initialized with port 8082 (http)
23-05-2025 01:08:06 [main] INFO  o.apache.coyote.http11.Http11NioProtocol           : Initializing ProtocolHandler ["http-nio-8082"]
23-05-2025 01:08:06 [main] INFO  o.apache.catalina.core.StandardService             : Starting service [Tomcat]
23-05-2025 01:08:06 [main] INFO  org.apache.catalina.core.StandardEngine            : Starting Servlet engine: [Apache Tomcat/10.1.41]
23-05-2025 01:08:06 [main] INFO  o.a.c.c.C.[Tomcat].[localhost].[/]                 : Initializing Spring embedded WebApplicationContext
23-05-2025 01:08:06 [main] INFO  o.s.b.w.s.c.ServletWebServerApplicationContext     : Root WebApplicationContext: initialization completed in 348 ms
23-05-2025 01:08:06 [main] INFO  o.hibernate.jpa.internal.util.LogHelper            : HHH000204: Processing PersistenceUnitInfo [name: default]
23-05-2025 01:08:06 [main] INFO  org.hibernate.Version                              : HHH000412: Hibernate ORM core version 6.6.15.Final
23-05-2025 01:08:06 [main] INFO  o.h.c.internal.RegionFactoryInitiator              : HHH000026: Second-level cache disabled
23-05-2025 01:08:06 [main] INFO  o.s.o.j.p.SpringPersistenceUnitInfo                : No LoadTimeWeaver setup: ignoring JPA class transformer
23-05-2025 01:08:06 [main] INFO  com.zaxxer.hikari.HikariDataSource                 : HikariPool-1 - Starting...
23-05-2025 01:08:06 [main] INFO  com.zaxxer.hikari.pool.HikariPool                  : HikariPool-1 - Added connection com.mysql.cj.jdbc.ConnectionImpl@4cb91fa4
23-05-2025 01:08:06 [main] INFO  com.zaxxer.hikari.HikariDataSource                 : HikariPool-1 - Start completed.
23-05-2025 01:08:06 [main] INFO  org.hibernate.orm.connections.pooling              : HHH10001005: Database info:
	Database JDBC URL [Connecting through datasource 'HikariDataSource (HikariPool-1)']
	Database driver: undefined/unknown
	Database version: 8.0.36
	Autocommit mode: undefined/unknown
	Isolation level: undefined/unknown
	Minimum pool size: undefined/unknown
	Maximum pool size: undefined/unknown
23-05-2025 01:08:06 [main] INFO  o.h.e.t.j.p.i.JtaPlatformInitiator                 : HHH000489: No JTA platform available (set 'hibernate.transaction.jta.platform' to enable JTA platform integration)
23-05-2025 01:08:06 [main] INFO  o.s.o.j.LocalContainerEntityManagerFactoryBean     : Initialized JPA EntityManagerFactory for persistence unit 'default'
23-05-2025 01:08:06 [main] WARN  o.s.b.a.o.j.JpaBaseConfiguration$JpaWebConfiguration : spring.jpa.open-in-view is enabled by default. Therefore, database queries may be performed during view rendering. Explicitly configure spring.jpa.open-in-view to disable this warning
23-05-2025 01:08:06 [main] DEBUG o.s.s.c.a.a.c.AuthenticationConfiguration$DefaultPasswordEncoderAuthenticationManagerBuilder : No authenticationProviders and no parentAuthenticationManager defined. Returning null.
23-05-2025 01:08:06 [main] DEBUG o.s.s.web.DefaultSecurityFilterChain               : Will secure any request with filters: DisableEncodeUrlFilter, WebAsyncManagerIntegrationFilter, SecurityContextHolderFilter, HeaderWriterFilter, CorsFilter, LogoutFilter, RequestCacheAwareFilter, SecurityContextHolderAwareRequestFilter, AnonymousAuthenticationFilter, SessionManagementFilter, ExceptionTranslationFilter, AuthorizationFilter
23-05-2025 01:08:06 [main] INFO  o.apache.coyote.http11.Http11NioProtocol           : Starting ProtocolHandler ["http-nio-8082"]
23-05-2025 01:08:06 [main] INFO  o.s.b.w.embedded.tomcat.TomcatWebServer            : Tomcat started on port 8082 (http) with context path '/'
23-05-2025 01:08:06 [main] INFO  s.e.n.i.e.o.m.EdgpOrgManagementApplication         : Started EdgpOrgManagementApplication in 1.441 seconds (process running for 1.632)
23-05-2025 01:08:31 [RMI TCP Connection(2)-127.0.0.1] INFO  o.s.b.a.SpringApplicationAdminMXBeanRegistrar$SpringApplicationAdmin : Application shutdown requested.
23-05-2025 01:08:31 [RMI TCP Connection(2)-127.0.0.1] INFO  o.s.b.w.embedded.tomcat.GracefulShutdown           : Commencing graceful shutdown. Waiting for active requests to complete
23-05-2025 01:08:31 [tomcat-shutdown] INFO  o.apache.coyote.http11.Http11NioProtocol           : Pausing ProtocolHandler ["http-nio-8082"]
23-05-2025 01:08:31 [tomcat-shutdown] INFO  o.s.b.w.embedded.tomcat.GracefulShutdown           : Graceful shutdown complete
23-05-2025 01:08:31 [RMI TCP Connection(2)-127.0.0.1] INFO  o.apache.coyote.http11.Http11NioProtocol           : Stopping ProtocolHandler ["http-nio-8082"]
23-05-2025 01:08:31 [RMI TCP Connection(2)-127.0.0.1] INFO  o.s.o.j.LocalContainerEntityManagerFactoryBean     : Closing JPA EntityManagerFactory for persistence unit 'default'
23-05-2025 01:08:31 [RMI TCP Connection(2)-127.0.0.1] INFO  com.zaxxer.hikari.HikariDataSource                 : HikariPool-1 - Shutdown initiated...
23-05-2025 01:08:31 [RMI TCP Connection(2)-127.0.0.1] INFO  com.zaxxer.hikari.HikariDataSource                 : HikariPool-1 - Shutdown completed.
